===========================
Fri Aug  4 18:57:15 UTC 2023
国外	78	0	0	0	https://free.jingfu.cf/clash/proxies
国内	575	0	0	0	https://free.iam7.tk/clash/proxies
#国外	154	0	0	0	https://klausvpn.posyao.com/clash/proxies
国外	217	0	0	0	https://proxy.yugogo.xyz/clash/proxies
国外	14	0	0	0	https://free.dsdog.tk/clash/proxies
国内	40	0	0	0	https://sub.pmsub.me/clash.yaml
国内	144	0	1	0	https://freefq.neocities.org/free.txt
国外	33	0	0	0	https://raw.githubusercontent.com/ermaozi/get_subscribe/main/subscribe/v2ray.txt
国内	74	0	0	0	http://proxies.haisto.cn/clash/proxies
国外	231	0	0	0	https://raw.githubusercontent.com/chfchf0306/jeidian4.18/main/4.18
国外	161	0	0	0	https://raw.githubusercontent.com/xiyaowong/freeFQ/main/v2ray
国外	8	0	0	0	https://raw.githubusercontent.com/learnhard-cn/free_proxy_ss/main/free
#国外	385	0	0	0	https://proxy.yiun.xyz/clash/proxies
国外	50	0	0	0	https://raw.githubusercontent.com/openRunner/clash-freenode/main/clash.yaml
国外	38	0	0	0	https://raw.githubusercontent.com/ssrsub/ssr/master/V2Ray
国外	102	0	0	0	https://raw.githubusercontent.com/ssrsub/ssr/master/ss-sub
国外	7	0	0	0	https://raw.githubusercontent.com/ssrsub/ssr/master/ssrsub
国外	52	0	0	0	https://raw.githubusercontent.com/ssrsub/ssr/master/trojan
#国内	793	0	0	0	https://raw.githubusercontent.com/Leon406/SubCrawler/main/sub/share/all2
国外	656	0	0	0	https://raw.githubusercontent.com/tbbatbb/Proxy/master/dist/v2ray.config.txt
国外	33	0	0	0	https://raw.githubusercontent.com/aiboboxx/clashfree/main/clash.yml
国内	16	0	0	0	https://sub.sharecentre.online/sub
国外	23	0	0	0	https://raw.githubusercontent.com/freefq/free/master/v2
国外	6707	0	0	0	https://raw.githubusercontent.com/mahdibland/SSAggregator/master/sub/sub_merge_yaml.yml
国外	33	0	0	0	https://raw.githubusercontent.com/Jsnzkpg/Jsnzkpg/Jsnzkpg/Jsnzkpg
国外	8	0	0	0	https://raw.githubusercontent.com/Pawdroid/Free-servers/main/sub
国外	1	0	0	0	https://raw.githubusercontent.com/Rokate/Proxy-Sub/main/clash/clash_ssr.yml
国外	17	0	0	0	https://raw.githubusercontent.com/Rokate/Proxy-Sub/main/clash/clash_trojan.yml
国外	59	0	0	0	https://raw.githubusercontent.com/Rokate/Proxy-Sub/main/clash/clash_v2ray.yml
国外	133	0	0	0	https://raw.githubusercontent.com/misersun/config003/main/config_all.yaml
国外	245	0	0	0	https://raw.githubusercontent.com/mfuu/v2ray/master/clash.yaml
国外	654	0	0	0	https://raw.githubusercontent.com/yaney01/Yaney01/main/yaney_01
国外	621	0	0	0	https://raw.githubusercontent.com/YasserDivaR/pr0xy/main/winformClash.yaml
国内	441	0	0	0	https://raw.githubusercontent.com/peasoft/NoMoreWalls/master/list.yml
国外	60	0	0	0	https://raw.githubusercontent.com/ronghuaxueleng/get_v2/main/pub/combine.yaml
国外	2191	6	0	0	https://raw.githubusercontent.com/AzadNetCH/Clash/main/AzadNet.yml
国内	12	0	0	0	https://raw.githubusercontent.com/jikelonglie/meskell/main/meskell
国内	41	0	0	0	https://raw.githubusercontent.com/freebaipiao/freebaipiao/main/freebaipiao.yaml
国内	183	0	0	0	https://bitbucket.org/huwo1/proxy_nodes/raw/f31ca9ec67b84071515729ff45b011b6b09c10f2/proxy.md
国内	30	0	0	0	https://raw.githubusercontent.com/lisylva-lee/v2dyku/main/v2dy
国内	4	0	0	0	https://raw.githubusercontent.com/lisylva-lee/v2dyku/main/ssr
国内	35	0	0	0	https://raw.githubusercontent.com/budamu/clashconfig/main/clash.yaml
国内	12	0	0	0	https://raw.githubusercontent.com/MOnday9907/v2ray/main/v2ray.txt
国内	16	0	0	0	https://raw.githubusercontent.com/adminaliang/v2ray/main/v2ray
国外	327	0	0	0	https://raw.githubusercontent.com/Jia-Pingwa/free-v2ray-merge/main/output.txt
国外	22	2	0	0	https://raw.githubusercontent.com/Lewis-1217/FreeNodes/main/bpjzx2
国外	36	0	0	0	https://raw.githubusercontent.com/SnapdragonLee/SystemProxy/master/dist/clash_config.yaml
国外	17	0	0	0	https://jiang.netlify.app
国外	39	0	0	0	https://iwxf.netlify.app
国外	7	0	0	0	https://youlianboshi.netlify.app
国外	1	0	0	0	https://qiaomenzhuanfx.netlify.app
国外	12	0	0	0	https://anzhuohezi-welcome-you.netlify.app
国内	20	0	0	0	https://muma16fx.netlify.app
国外	11	0	0	0	https://hyt-allen-xu.netlify.app
国内	4	0	0	0	https://fforever.github.io/v2rayfree
国内	43	0	0	0	https://raw.githubusercontent.com/codingbox/Free-Node-Merge/main/node.txt
国内	38	0	0	0	https://raw.githubusercontent.com/ssrsub/ssr/master/Clash.yml
国内	5	0	0	0	https://raw.githubusercontent.com/UmeLabs/node.umelabs.dev/master/Subscribe/v2ray.md
国内	5	0	0	0	https://raw.githubusercontent.com/voken1/AutoSSR/master/stable
国内	8	0	0	0	https://raw.githubusercontent.com/voken1/AutoSSR/master/online
国内	11	0	0	0	https://raw.githubusercontent.com/voken1/AutoSSR/master/recent
国内	2	0	0	0	https://raw.githubusercontent.com/bingshengyang/ssr2/master/a.html
国外	71	0	0	0	https://raw.githubusercontent.com/adiwzx/freenode/main/adispeed.yml
国内	51	0	0	0	http://d.zaix.ru/nbhA.txt
国内	1	0	0	0	http://d.zaix.ru/nbhn.txt
国内	3085	0	0	0	http://d.zaix.ru/nbhq.txt
国内	468	0	0	0	http://d.zaix.ru/nbhx.txt
国内	549	0	0	0	http://d.zaix.ru/nbLm.txt
国内	214	0	0	0	http://d.zaix.ru/ncBp.txt
#国内	140	0	0	0	http://proxies.haisto.cn/clash/proxies
#国内	17	0	0	0	https://www.ssrfree.top/clash/proxies
国外	191	4	0	0	https://raw.githubusercontent.com/Leon406/SubCrawler/main/sub/share/vless
国外	120	0	0	0	https://raw.githubusercontent.com/mahdibland/SSAggregator/master/sub/airport_merge_yaml.yml
国外	387	0	0	0	https://raw.githubusercontent.com/yaney01/Yaney01/main/temporary
国外	346	4	0	0	https://raw.githubusercontent.com/YasserDivaR/pr0xy/main/ShadowSocks2021.txt
国外	46	0	0	0	https://raw.githubusercontent.com/ronghuaxueleng/get_v2/main/pub/changfengoss.yaml
国外	99	0	0	0	https://raw.githubusercontent.com/anaer/Sub/main/clash.yaml
国外	3	0	0	0	https://raw.githubusercontent.com/wrfree/free/main/ssr
国外	51	0	0	0	https://raw.githubusercontent.com/wrfree/free/main/v2
#国外	2	0	0	0	https://raw.githubusercontent.com/zhiqiang02/profiles/master/clash.yml
国外	9	0	0	0	https://raw.githubusercontent.com/shijinsu/myown/master/c.txt
国外	2	0	0	0	https://raw.githubusercontent.com/shijinsu/myown/master/v.txt
国外	253	0	0	0	https://raw.githubusercontent.com/RescueNet/TelegramFreeServer/main/base64/checked
国外	1157	136	0	0	https://raw.githubusercontent.com/RescueNet/TelegramFreeServer/main/base64/reality
国外	5	0	0	0	https://raw.githubusercontent.com/RescueNet/TelegramFreeServer/main/others/cloudflare/base64/cf_original_computer
国外	50	0	0	0	https://raw.githubusercontent.com/YaChengMu/my_clash_url/main/clashNode.yaml
国外	50	0	0	0	https://raw.githubusercontent.com/YaChengMu/my_clash_url/main/v2rayShare.yaml
国外	2868	4	1	0	https://raw.githubusercontent.com/baipiao250/HigeFreeProxies/master/sub/sub_merge_base64.txt
国外	999	6	1	0	https://raw.githubusercontent.com/LonUp/NodeList/main/Clash/Node/Latest.yaml
国外	53	0	0	0	https://raw.githubusercontent.com/kazabelica/Optimized-Server-List/main/ping-all.yaml
国外	93	0	0	0	https://raw.githubusercontent.com/zxgs/xx/main/Ch.yml
国外	50	0	0	0	https://raw.githubusercontent.com/isOllie/test_pub/main/my_club.yaml
国外	79	0	0	0	https://raw.githubusercontent.com/hkaa0/permalink/main/proxy/clash
国外	10	0	0	0	https://raw.githubusercontent.com/wyq00000/test/main/data/test1
国外	55	0	0	0	https://raw.githubusercontent.com/a313132121/v2rayn/main/everydaynode
国外	17	0	0	0	https://raw.githubusercontent.com/urcheng/v2wrc/main/clash
国外	50	0	0	0	https://raw.githubusercontent.com/tiddlerhxy/test/master/freenode.yml
国外	9	0	0	0	https://raw.githubusercontent.com/Heart-Stealer/myclash/main/clash.yaml
国外	80	0	0	0	https://raw.githubusercontent.com/3aTST/MD/main/clash
国外	9	0	0	0	https://raw.githubusercontent.com/ww3087966946/c-/main/clash/all.yaml
国外	149	0	0	0	https://raw.githubusercontent.com/zhangkaiitugithub/passcro/main/speednodes.yaml
国外	363	0	1	0	https://raw.githubusercontent.com/luxl-1379/merge/master/sub/sub_merge.txt
国外	422	0	0	0	https://raw.githubusercontent.com/gffice/runproxypool123/master/docs/clash/proxies
国外	7	0	0	0	https://raw.githubusercontent.com/SC-KB120301/yml/main/config.yaml
国外	50	0	0	0	https://raw.githubusercontent.com/Jetereting/github-hosts/master/clash.yaml
国外	62	0	0	0	https://raw.githubusercontent.com/xbuffer/ClashData/main/Eternity.yaml
国外	140	0	0	0	https://raw.githubusercontent.com/suweisheng/test/main/clash.yaml
国内	48	0	0	0	https://raw.githubusercontent.com/ffi-pub/actions/main/day.yaml
国内	244	0	0	0	https://raw.githubusercontent.com/rxsweet/proxies/main/sub/free.yaml
国内	137	0	0	0	https://raw.githubusercontent.com/w1770946466/Auto_proxy/main/output.yaml
国内	199	0	0	0	https://raw.githubusercontent.com/Airuop/cross/master/Eternity
#国内	163	0	0	0	https://raw.githubusercontent.com/sun9426/sun9426.github.io/main/Clash.yaml
国内	73	0	0	0	https://raw.githubusercontent.com/yukikazemiyuki/dingyue/main/clash.yaml
国内	243	0	0	0	https://raw.githubusercontent.com/HakurouKen/free-node/main/public
国内	1846	2	0	0	https://raw.githubusercontent.com/mahdi8492/configs/master/clash.yaml
国内	194	0	0	0	https://raw.githubusercontent.com/free18/v2ray/main/Clash.yaml
国内	22	0	0	0	https://raw.githubusercontent.com/Alvin9999/pac2/master/clash/config.yaml
国内	18	0	0	0	https://raw.githubusercontent.com/baip01/clash/main/clash
#国外	6808	0	0	0	https://github.com/thewoood/stunning-parakeet/archive/refs/heads/main.zip
国内	585	0	0	0	https://raw.githubusercontent.com/a2470982985/getNode/main/clash.yaml
国内	7	0	0	0	https://raw.githubusercontent.com/ibmv2yes/clash/main/clash.yml
国外	48	0	0	0	https://www.megaproxylist.net/
国外	500	0	1	0	https://proxy50-50.blogspot.com/
国外	210	0	0	0	https://www.my-proxy.com/
国外	700	0	0	0	https://free-proxy-list.net/
国内	497	0	0	0	https://premiumproxy.net/
国内	45	0	0	0	https://proxydb.net/
国外	802	0	0	0	https://proxy-daily.com/
国内	365	0	0	0	https://www.proxyscan.io/
国内	90	0	0	0	https://www.proxy-list.download/
国外	350	0	0	0	https://proxyscrape.com/
国内	327	0	0	0	https://www.proxylistplus.com/
国内	424	0	0	0	https://proxypool.link/clash/proxies
国内	48	0	0	0	http://123.lcq25938.top:9080/clash/proxies
#国内	5	0	0	0	http://pi.scntvb.ml:8080/clash/proxies
